::1 - - [11/Dec/2017:02:26:54 +0000] "POST /getSource HTTP/1.1" 200 45 "-" "PostmanRuntime/6.4.1"
::1 - - [11/Dec/2017:02:31:44 +0000] "POST /getSource HTTP/1.1" 200 45 "-" "PostmanRuntime/6.4.1"
::1 - - [11/Dec/2017:02:56:04 +0000] "POST /getSource HTTP/1.1" 200 45 "-" "PostmanRuntime/6.4.1"
::1 - - [11/Dec/2017:03:02:17 +0000] "GET / HTTP/1.1" 200 895 "-" "Mozilla/5.0 (Windows NT 6.1; Win64; x64) AppleWebKit/537.36 (KHTML, like Gecko) Chrome/62.0.3202.94 Safari/537.36"
::1 - - [11/Dec/2017:03:02:17 +0000] "GET /stylesheets/style.css HTTP/1.1" 200 151 "http://localhost:3005/" "Mozilla/5.0 (Windows NT 6.1; Win64; x64) AppleWebKit/537.36 (KHTML, like Gecko) Chrome/62.0.3202.94 Safari/537.36"
::1 - - [11/Dec/2017:03:02:17 +0000] "GET /stylesheets/mobile_time.css HTTP/1.1" 200 18376 "http://localhost:3005/" "Mozilla/5.0 (Windows NT 6.1; Win64; x64) AppleWebKit/537.36 (KHTML, like Gecko) Chrome/62.0.3202.94 Safari/537.36"
::1 - - [11/Dec/2017:03:02:17 +0000] "GET /stylesheets/mobile_tool.css HTTP/1.1" 200 24211 "http://localhost:3005/" "Mozilla/5.0 (Windows NT 6.1; Win64; x64) AppleWebKit/537.36 (KHTML, like Gecko) Chrome/62.0.3202.94 Safari/537.36"
::1 - - [11/Dec/2017:03:02:17 +0000] "GET /bootstrap/css/bootstrap.min.css HTTP/1.1" 200 121200 "http://localhost:3005/" "Mozilla/5.0 (Windows NT 6.1; Win64; x64) AppleWebKit/537.36 (KHTML, like Gecko) Chrome/62.0.3202.94 Safari/537.36"
::1 - - [11/Dec/2017:03:02:17 +0000] "GET /favicon.ico HTTP/1.1" 404 1090 "http://localhost:3005/" "Mozilla/5.0 (Windows NT 6.1; Win64; x64) AppleWebKit/537.36 (KHTML, like Gecko) Chrome/62.0.3202.94 Safari/537.36"
::1 - - [11/Dec/2017:03:02:32 +0000] "GET / HTTP/1.1" 200 901 "-" "Mozilla/5.0 (Windows NT 6.1; Win64; x64) AppleWebKit/537.36 (KHTML, like Gecko) Chrome/62.0.3202.94 Safari/537.36"
::1 - - [11/Dec/2017:03:02:32 +0000] "GET /bootstrap/css/bootstrap.min.css HTTP/1.1" 304 - "http://localhost:3005/" "Mozilla/5.0 (Windows NT 6.1; Win64; x64) AppleWebKit/537.36 (KHTML, like Gecko) Chrome/62.0.3202.94 Safari/537.36"
::1 - - [11/Dec/2017:03:02:32 +0000] "GET /stylesheets/mobile_tool.css HTTP/1.1" 304 - "http://localhost:3005/" "Mozilla/5.0 (Windows NT 6.1; Win64; x64) AppleWebKit/537.36 (KHTML, like Gecko) Chrome/62.0.3202.94 Safari/537.36"
::1 - - [11/Dec/2017:03:02:32 +0000] "GET /stylesheets/mobile_time.css HTTP/1.1" 304 - "http://localhost:3005/" "Mozilla/5.0 (Windows NT 6.1; Win64; x64) AppleWebKit/537.36 (KHTML, like Gecko) Chrome/62.0.3202.94 Safari/537.36"
::1 - - [11/Dec/2017:03:02:32 +0000] "GET /stylesheets/style.css HTTP/1.1" 304 - "http://localhost:3005/" "Mozilla/5.0 (Windows NT 6.1; Win64; x64) AppleWebKit/537.36 (KHTML, like Gecko) Chrome/62.0.3202.94 Safari/537.36"
::1 - - [11/Dec/2017:03:03:07 +0000] "GET / HTTP/1.1" 200 966 "-" "Mozilla/5.0 (Windows NT 6.1; Win64; x64) AppleWebKit/537.36 (KHTML, like Gecko) Chrome/62.0.3202.94 Safari/537.36"
::1 - - [11/Dec/2017:03:03:07 +0000] "GET /bootstrap/css/bootstrap.min.css HTTP/1.1" 304 - "http://localhost:3005/" "Mozilla/5.0 (Windows NT 6.1; Win64; x64) AppleWebKit/537.36 (KHTML, like Gecko) Chrome/62.0.3202.94 Safari/537.36"
::1 - - [11/Dec/2017:03:03:07 +0000] "GET /stylesheets/mobile_tool.css HTTP/1.1" 304 - "http://localhost:3005/" "Mozilla/5.0 (Windows NT 6.1; Win64; x64) AppleWebKit/537.36 (KHTML, like Gecko) Chrome/62.0.3202.94 Safari/537.36"
::ffff:127.0.0.1 - - [11/Dec/2017:03:03:07 +0000] "GET /stylesheets/mobile_time.css HTTP/1.1" 304 - "http://localhost:3005/" "Mozilla/5.0 (Windows NT 6.1; Win64; x64) AppleWebKit/537.36 (KHTML, like Gecko) Chrome/62.0.3202.94 Safari/537.36"
::ffff:127.0.0.1 - - [11/Dec/2017:03:03:07 +0000] "GET /stylesheets/style.css HTTP/1.1" 304 - "http://localhost:3005/" "Mozilla/5.0 (Windows NT 6.1; Win64; x64) AppleWebKit/537.36 (KHTML, like Gecko) Chrome/62.0.3202.94 Safari/537.36"
::1 - - [11/Dec/2017:03:03:26 +0000] "GET / HTTP/1.1" 200 986 "-" "Mozilla/5.0 (Windows NT 6.1; Win64; x64) AppleWebKit/537.36 (KHTML, like Gecko) Chrome/62.0.3202.94 Safari/537.36"
::1 - - [11/Dec/2017:03:03:26 +0000] "GET /bootstrap/css/bootstrap.min.css HTTP/1.1" 304 - "http://localhost:3005/" "Mozilla/5.0 (Windows NT 6.1; Win64; x64) AppleWebKit/537.36 (KHTML, like Gecko) Chrome/62.0.3202.94 Safari/537.36"
::1 - - [11/Dec/2017:03:03:26 +0000] "GET /stylesheets/mobile_tool.css HTTP/1.1" 304 - "http://localhost:3005/" "Mozilla/5.0 (Windows NT 6.1; Win64; x64) AppleWebKit/537.36 (KHTML, like Gecko) Chrome/62.0.3202.94 Safari/537.36"
::1 - - [11/Dec/2017:03:03:26 +0000] "GET /stylesheets/mobile_time.css HTTP/1.1" 304 - "http://localhost:3005/" "Mozilla/5.0 (Windows NT 6.1; Win64; x64) AppleWebKit/537.36 (KHTML, like Gecko) Chrome/62.0.3202.94 Safari/537.36"
::1 - - [11/Dec/2017:03:03:26 +0000] "GET /stylesheets/style.css HTTP/1.1" 304 - "http://localhost:3005/" "Mozilla/5.0 (Windows NT 6.1; Win64; x64) AppleWebKit/537.36 (KHTML, like Gecko) Chrome/62.0.3202.94 Safari/537.36"
::1 - - [11/Dec/2017:03:03:44 +0000] "GET / HTTP/1.1" 200 1024 "-" "Mozilla/5.0 (Windows NT 6.1; Win64; x64) AppleWebKit/537.36 (KHTML, like Gecko) Chrome/62.0.3202.94 Safari/537.36"
::1 - - [11/Dec/2017:03:03:44 +0000] "GET /bootstrap/css/bootstrap.min.css HTTP/1.1" 304 - "http://localhost:3005/" "Mozilla/5.0 (Windows NT 6.1; Win64; x64) AppleWebKit/537.36 (KHTML, like Gecko) Chrome/62.0.3202.94 Safari/537.36"
::1 - - [11/Dec/2017:03:03:44 +0000] "GET /stylesheets/mobile_tool.css HTTP/1.1" 304 - "http://localhost:3005/" "Mozilla/5.0 (Windows NT 6.1; Win64; x64) AppleWebKit/537.36 (KHTML, like Gecko) Chrome/62.0.3202.94 Safari/537.36"
::1 - - [11/Dec/2017:03:03:44 +0000] "GET /stylesheets/mobile_time.css HTTP/1.1" 304 - "http://localhost:3005/" "Mozilla/5.0 (Windows NT 6.1; Win64; x64) AppleWebKit/537.36 (KHTML, like Gecko) Chrome/62.0.3202.94 Safari/537.36"
::1 - - [11/Dec/2017:03:03:44 +0000] "GET /stylesheets/style.css HTTP/1.1" 304 - "http://localhost:3005/" "Mozilla/5.0 (Windows NT 6.1; Win64; x64) AppleWebKit/537.36 (KHTML, like Gecko) Chrome/62.0.3202.94 Safari/537.36"
::1 - - [11/Dec/2017:03:03:52 +0000] "GET / HTTP/1.1" 200 1025 "-" "Mozilla/5.0 (Windows NT 6.1; Win64; x64) AppleWebKit/537.36 (KHTML, like Gecko) Chrome/62.0.3202.94 Safari/537.36"
::1 - - [11/Dec/2017:03:03:52 +0000] "GET /bootstrap/css/bootstrap.min.css HTTP/1.1" 304 - "http://localhost:3005/" "Mozilla/5.0 (Windows NT 6.1; Win64; x64) AppleWebKit/537.36 (KHTML, like Gecko) Chrome/62.0.3202.94 Safari/537.36"
::1 - - [11/Dec/2017:03:03:52 +0000] "GET /stylesheets/mobile_tool.css HTTP/1.1" 304 - "http://localhost:3005/" "Mozilla/5.0 (Windows NT 6.1; Win64; x64) AppleWebKit/537.36 (KHTML, like Gecko) Chrome/62.0.3202.94 Safari/537.36"
::1 - - [11/Dec/2017:03:03:52 +0000] "GET /stylesheets/mobile_time.css HTTP/1.1" 304 - "http://localhost:3005/" "Mozilla/5.0 (Windows NT 6.1; Win64; x64) AppleWebKit/537.36 (KHTML, like Gecko) Chrome/62.0.3202.94 Safari/537.36"
::1 - - [11/Dec/2017:03:03:52 +0000] "GET /stylesheets/style.css HTTP/1.1" 304 - "http://localhost:3005/" "Mozilla/5.0 (Windows NT 6.1; Win64; x64) AppleWebKit/537.36 (KHTML, like Gecko) Chrome/62.0.3202.94 Safari/537.36"
::1 - - [11/Dec/2017:03:04:05 +0000] "POST /getSource HTTP/1.1" 200 45 "http://localhost:3005/" "Mozilla/5.0 (Windows NT 6.1; Win64; x64) AppleWebKit/537.36 (KHTML, like Gecko) Chrome/62.0.3202.94 Safari/537.36"
::1 - - [11/Dec/2017:04:01:07 +0000] "POST /getSource HTTP/1.1" - - "-" "PostmanRuntime/6.4.1"
::1 - - [11/Dec/2017:05:43:32 +0000] "POST /getSource HTTP/1.1" 200 39 "-" "PostmanRuntime/6.4.1"
::1 - - [11/Dec/2017:06:35:53 +0000] "POST /getSource HTTP/1.1" - - "-" "PostmanRuntime/6.4.1"
::1 - - [11/Dec/2017:07:18:20 +0000] "POST /getSource HTTP/1.1" 200 39 "-" "PostmanRuntime/6.4.1"
::1 - - [11/Dec/2017:07:19:15 +0000] "POST /getSource HTTP/1.1" 200 39 "-" "PostmanRuntime/6.4.1"
::1 - - [11/Dec/2017:07:20:49 +0000] "POST /getSource HTTP/1.1" 200 39 "-" "PostmanRuntime/6.4.1"
::1 - - [11/Dec/2017:07:39:20 +0000] "POST /getSource HTTP/1.1" 200 39 "-" "PostmanRuntime/6.4.1"
::1 - - [11/Dec/2017:07:59:08 +0000] "POST /getSource HTTP/1.1" 200 39 "-" "PostmanRuntime/6.4.1"
::1 - - [11/Dec/2017:08:00:38 +0000] "POST /getSource HTTP/1.1" 200 39 "-" "PostmanRuntime/6.4.1"
::1 - - [11/Dec/2017:08:03:39 +0000] "POST /getSource HTTP/1.1" 200 39 "-" "PostmanRuntime/6.4.1"
::1 - - [11/Dec/2017:08:03:49 +0000] "POST /getSource HTTP/1.1" 200 39 "-" "PostmanRuntime/6.4.1"
::1 - - [11/Dec/2017:08:22:34 +0000] "POST /getSource HTTP/1.1" 200 39 "-" "PostmanRuntime/6.4.1"
::1 - - [11/Dec/2017:08:23:12 +0000] "POST /getSource HTTP/1.1" 200 39 "-" "PostmanRuntime/6.4.1"
::1 - - [11/Dec/2017:08:24:26 +0000] "POST /getSource HTTP/1.1" 200 39 "-" "PostmanRuntime/6.4.1"
::1 - - [11/Dec/2017:08:28:04 +0000] "POST /getSource HTTP/1.1" 200 39 "-" "PostmanRuntime/6.4.1"
::1 - - [11/Dec/2017:08:30:40 +0000] "POST /test HTTP/1.1" - - "-" "PostmanRuntime/6.4.1"
::1 - - [11/Dec/2017:08:32:41 +0000] "POST /getSource HTTP/1.1" 200 39 "-" "PostmanRuntime/6.4.1"
::1 - - [11/Dec/2017:08:32:57 +0000] "POST /getSource HTTP/1.1" 200 39 "-" "PostmanRuntime/6.4.1"
::1 - - [11/Dec/2017:08:36:20 +0000] "POST /getSource HTTP/1.1" 200 39 "-" "PostmanRuntime/6.4.1"
::1 - - [11/Dec/2017:08:46:43 +0000] "POST /getSource HTTP/1.1" 200 39 "-" "PostmanRuntime/6.4.1"
::1 - - [11/Dec/2017:08:52:18 +0000] "POST /getSource HTTP/1.1" 200 39 "-" "PostmanRuntime/6.4.1"
::1 - - [11/Dec/2017:08:53:20 +0000] "POST /getSource HTTP/1.1" 200 39 "-" "PostmanRuntime/6.4.1"
::1 - - [11/Dec/2017:08:58:00 +0000] "POST /getSource HTTP/1.1" 200 39 "-" "PostmanRuntime/6.4.1"
::1 - - [11/Dec/2017:09:01:54 +0000] "POST /getSource HTTP/1.1" 200 39 "-" "PostmanRuntime/6.4.1"
::1 - - [11/Dec/2017:09:03:33 +0000] "POST /getSource HTTP/1.1" 200 39 "-" "PostmanRuntime/6.4.1"
::1 - - [11/Dec/2017:09:16:11 +0000] "POST /getSource HTTP/1.1" 200 39 "-" "PostmanRuntime/6.4.1"
::1 - - [11/Dec/2017:09:19:54 +0000] "POST /getSource HTTP/1.1" 200 39 "-" "PostmanRuntime/6.4.1"
::1 - - [11/Dec/2017:09:46:07 +0000] "POST /getSource HTTP/1.1" 200 39 "-" "PostmanRuntime/6.4.1"
::1 - - [11/Dec/2017:10:17:11 +0000] "POST /getSource HTTP/1.1" 200 42 "-" "PostmanRuntime/6.4.1"
::1 - - [11/Dec/2017:10:28:34 +0000] "POST /getSource HTTP/1.1" 200 39 "-" "PostmanRuntime/6.4.1"
::1 - - [11/Dec/2017:11:03:49 +0000] "POST /getSource HTTP/1.1" 200 39 "-" "PostmanRuntime/6.4.1"
::1 - - [11/Dec/2017:11:04:57 +0000] "POST /getSource HTTP/1.1" 200 39 "-" "PostmanRuntime/6.4.1"
