[2017-12-09T18:44:42.095] [INFO] cheese - [node getSource][getSource获取资源接口][接口:::/getSource][传入参数:::{"url":"http://588ku.com/?h=bd&sem=1"}][html文件写入成功]
[2017-12-09T18:44:42.184] [INFO] cheese - [node getSource][接口:::/getSource][传入参数:::img D:\lyp\job\sanbao\node_H5\download\source\img\][img文件下载成功]
[2017-12-09T18:44:42.308] [INFO] cheese - [node getSource][接口:::/getSource][传入参数:::css D:\lyp\job\sanbao\node_H5\download\source\css\][css文件下载成功]
[2017-12-09T18:44:42.362] [ERROR] cheese - [node getSource][接口:::/getSource][传入参数:::js D:\lyp\job\sanbao\node_H5\download\source\js\][js文件下载出错:::ReferenceError: opt is not defined]
[2017-12-09T18:44:42.614] [INFO] cheese - [node getSource][接口:::/getSource][传入参数:::http://js.588ku.com/comp/base/images/lz.gif D:\lyp\job\sanbao\node_H5\download\source\img\ lz.gif][文件写入出错:::null]
[2017-12-09T18:44:42.614] [INFO] cheese - [node getSource][接口:::/getSource][传入参数:::http://js.588ku.com/comp/base/images/lz.gif D:\lyp\job\sanbao\node_H5\download\source\img\ lz.gif][文件写入出错:::null]
[2017-12-09T18:44:42.620] [INFO] cheese - [node getSource][接口:::/getSource][传入参数:::http://js.588ku.com/comp/base/images/lz.gif D:\lyp\job\sanbao\node_H5\download\source\img\ lz.gif][文件写入出错:::null]
[2017-12-09T18:44:42.621] [INFO] cheese - [node getSource][接口:::/getSource][传入参数:::http://js.588ku.com/comp/base/images/lz.gif D:\lyp\job\sanbao\node_H5\download\source\img\ lz.gif][文件写入出错:::null]
[2017-12-09T18:44:42.622] [INFO] cheese - [node getSource][接口:::/getSource][传入参数:::http://js.588ku.com/comp/base/images/lz.gif D:\lyp\job\sanbao\node_H5\download\source\img\ lz.gif][文件写入出错:::null]
[2017-12-09T18:44:42.626] [INFO] cheese - [node getSource][接口:::/getSource][传入参数:::http://js.588ku.com/comp/base/images/lz.gif D:\lyp\job\sanbao\node_H5\download\source\img\ lz.gif][文件写入出错:::null]
[2017-12-09T18:44:42.628] [INFO] cheese - [node getSource][接口:::/getSource][传入参数:::http://js.588ku.com/comp/base/images/lz.gif D:\lyp\job\sanbao\node_H5\download\source\img\ lz.gif][文件写入出错:::null]
[2017-12-09T18:44:42.629] [INFO] cheese - [node getSource][接口:::/getSource][传入参数:::http://js.588ku.com/comp/base/images/lz.gif D:\lyp\job\sanbao\node_H5\download\source\img\ lz.gif][文件写入出错:::null]
[2017-12-09T18:44:42.629] [INFO] cheese - [node getSource][接口:::/getSource][传入参数:::http://js.588ku.com/comp/base/images/lz.gif D:\lyp\job\sanbao\node_H5\download\source\img\ lz.gif][文件写入出错:::null]
[2017-12-09T18:44:42.630] [INFO] cheese - [node getSource][接口:::/getSource][传入参数:::http://js.588ku.com/comp/base/images/lz.gif D:\lyp\job\sanbao\node_H5\download\source\img\ lz.gif][文件写入出错:::null]
[2017-12-09T18:44:42.659] [INFO] cheese - [node getSource][接口:::/getSource][传入参数:::http://js.588ku.com/comp/base/images/lz.gif D:\lyp\job\sanbao\node_H5\download\source\img\ lz.gif][文件写入出错:::null]
[2017-12-09T18:44:42.660] [INFO] cheese - [node getSource][接口:::/getSource][传入参数:::http://js.588ku.com/comp/base/images/lz.gif D:\lyp\job\sanbao\node_H5\download\source\img\ lz.gif][文件写入出错:::null]
[2017-12-09T18:44:42.660] [INFO] cheese - [node getSource][接口:::/getSource][传入参数:::http://js.588ku.com/comp/base/images/lz.gif D:\lyp\job\sanbao\node_H5\download\source\img\ lz.gif][文件写入出错:::null]
[2017-12-09T18:44:42.660] [INFO] cheese - [node getSource][接口:::/getSource][传入参数:::http://js.588ku.com/comp/base/images/lz.gif D:\lyp\job\sanbao\node_H5\download\source\img\ lz.gif][文件写入出错:::null]
[2017-12-09T18:44:42.660] [INFO] cheese - [node getSource][接口:::/getSource][传入参数:::http://js.588ku.com/comp/base/images/lz.gif D:\lyp\job\sanbao\node_H5\download\source\img\ lz.gif][文件写入出错:::null]
[2017-12-09T18:44:42.660] [INFO] cheese - [node getSource][接口:::/getSource][传入参数:::http://js.588ku.com/comp/base/images/lz.gif D:\lyp\job\sanbao\node_H5\download\source\img\ lz.gif][文件写入出错:::null]
[2017-12-09T18:44:42.661] [INFO] cheese - [node getSource][接口:::/getSource][传入参数:::http://js.588ku.com/comp/base/images/lz.gif D:\lyp\job\sanbao\node_H5\download\source\img\ lz.gif][文件写入出错:::null]
[2017-12-09T18:44:42.665] [INFO] cheese - [node getSource][接口:::/getSource][传入参数:::http://js.588ku.com/comp/base/images/lz.gif D:\lyp\job\sanbao\node_H5\download\source\img\ lz.gif][文件写入出错:::null]
[2017-12-09T18:44:42.670] [INFO] cheese - [node getSource][接口:::/getSource][传入参数:::http://js.588ku.com/comp/base/images/lz.gif D:\lyp\job\sanbao\node_H5\download\source\img\ lz.gif][文件写入出错:::null]
[2017-12-09T18:44:42.671] [INFO] cheese - [node getSource][接口:::/getSource][传入参数:::http://js.588ku.com/comp/base/images/lz.gif D:\lyp\job\sanbao\node_H5\download\source\img\ lz.gif][文件写入出错:::null]
[2017-12-09T18:44:42.671] [INFO] cheese - [node getSource][接口:::/getSource][传入参数:::http://js.588ku.com/comp/base/images/lz.gif D:\lyp\job\sanbao\node_H5\download\source\img\ lz.gif][文件写入出错:::null]
[2017-12-09T18:44:42.673] [INFO] cheese - [node getSource][接口:::/getSource][传入参数:::http://js.588ku.com/comp/base/images/lz.gif D:\lyp\job\sanbao\node_H5\download\source\img\ lz.gif][文件写入出错:::null]
[2017-12-09T18:44:42.673] [INFO] cheese - [node getSource][接口:::/getSource][传入参数:::http://js.588ku.com/comp/base/images/lz.gif D:\lyp\job\sanbao\node_H5\download\source\img\ lz.gif][文件写入出错:::null]
[2017-12-09T18:44:42.673] [INFO] cheese - [node getSource][接口:::/getSource][传入参数:::http://js.588ku.com/comp/base/images/lz.gif D:\lyp\job\sanbao\node_H5\download\source\img\ lz.gif][文件写入出错:::null]
[2017-12-09T18:44:42.675] [INFO] cheese - [node getSource][接口:::/getSource][传入参数:::http://js.588ku.com/comp/base/images/lz.gif D:\lyp\job\sanbao\node_H5\download\source\img\ lz.gif][文件写入出错:::null]
[2017-12-09T18:44:42.675] [INFO] cheese - [node getSource][接口:::/getSource][传入参数:::http://js.588ku.com/comp/base/images/lz.gif D:\lyp\job\sanbao\node_H5\download\source\img\ lz.gif][文件写入出错:::null]
[2017-12-09T18:44:42.676] [INFO] cheese - [node getSource][接口:::/getSource][传入参数:::http://js.588ku.com/comp/base/images/lz.gif D:\lyp\job\sanbao\node_H5\download\source\img\ lz.gif][文件写入出错:::null]
[2017-12-09T18:44:42.679] [INFO] cheese - [node getSource][接口:::/getSource][传入参数:::http://js.588ku.com/comp/base/images/lz.gif D:\lyp\job\sanbao\node_H5\download\source\img\ lz.gif][文件写入出错:::null]
[2017-12-09T18:44:42.680] [INFO] cheese - [node getSource][接口:::/getSource][传入参数:::http://js.588ku.com/comp/base/images/lz.gif D:\lyp\job\sanbao\node_H5\download\source\img\ lz.gif][文件写入出错:::null]
[2017-12-09T18:44:42.681] [INFO] cheese - [node getSource][接口:::/getSource][传入参数:::http://js.588ku.com/comp/base/images/lz.gif D:\lyp\job\sanbao\node_H5\download\source\img\ lz.gif][文件写入出错:::null]
[2017-12-09T18:44:42.686] [INFO] cheese - [node getSource][接口:::/getSource][传入参数:::http://js.588ku.com/comp/base/images/lz.gif D:\lyp\job\sanbao\node_H5\download\source\img\ lz.gif][文件写入出错:::null]
[2017-12-09T18:44:42.690] [INFO] cheese - [node getSource][接口:::/getSource][传入参数:::http://js.588ku.com/comp/base/images/lz.gif D:\lyp\job\sanbao\node_H5\download\source\img\ lz.gif][文件写入出错:::null]
[2017-12-09T18:44:42.691] [INFO] cheese - [node getSource][接口:::/getSource][传入参数:::http://js.588ku.com/comp/base/images/lz.gif D:\lyp\job\sanbao\node_H5\download\source\img\ lz.gif][文件写入出错:::null]
[2017-12-09T18:44:42.691] [INFO] cheese - [node getSource][接口:::/getSource][传入参数:::http://js.588ku.com/comp/base/images/lz.gif D:\lyp\job\sanbao\node_H5\download\source\img\ lz.gif][文件写入出错:::null]
[2017-12-09T18:44:42.695] [INFO] cheese - [node getSource][接口:::/getSource][传入参数:::http://js.588ku.com/comp/base/images/lz.gif D:\lyp\job\sanbao\node_H5\download\source\img\ lz.gif][文件写入出错:::null]
[2017-12-09T18:44:42.696] [INFO] cheese - [node getSource][接口:::/getSource][传入参数:::http://js.588ku.com/comp/base/images/lz.gif D:\lyp\job\sanbao\node_H5\download\source\img\ lz.gif][文件写入出错:::null]
[2017-12-09T18:44:42.696] [INFO] cheese - [node getSource][接口:::/getSource][传入参数:::http://js.588ku.com/comp/base/images/lz.gif D:\lyp\job\sanbao\node_H5\download\source\img\ lz.gif][文件写入出错:::null]
[2017-12-09T18:44:42.697] [INFO] cheese - [node getSource][接口:::/getSource][传入参数:::http://js.588ku.com/comp/base/images/lz.gif D:\lyp\job\sanbao\node_H5\download\source\img\ lz.gif][文件写入出错:::null]
[2017-12-09T18:44:42.700] [INFO] cheese - [node getSource][接口:::/getSource][传入参数:::http://js.588ku.com/comp/base/images/lz.gif D:\lyp\job\sanbao\node_H5\download\source\img\ lz.gif][文件写入出错:::null]
[2017-12-09T18:44:42.700] [INFO] cheese - [node getSource][接口:::/getSource][传入参数:::http://js.588ku.com/comp/base/images/lz.gif D:\lyp\job\sanbao\node_H5\download\source\img\ lz.gif][文件写入出错:::null]
[2017-12-09T18:44:42.710] [INFO] cheese - [node getSource][接口:::/getSource][传入参数:::http://js.588ku.com/comp/base/images/lz.gif D:\lyp\job\sanbao\node_H5\download\source\img\ lz.gif][文件写入出错:::null]
[2017-12-09T18:44:42.711] [INFO] cheese - [node getSource][接口:::/getSource][传入参数:::http://js.588ku.com/comp/base/images/lz.gif D:\lyp\job\sanbao\node_H5\download\source\img\ lz.gif][文件写入出错:::null]
[2017-12-09T18:44:42.711] [INFO] cheese - [node getSource][接口:::/getSource][传入参数:::http://js.588ku.com/comp/base/images/lz.gif D:\lyp\job\sanbao\node_H5\download\source\img\ lz.gif][文件写入出错:::null]
[2017-12-09T18:44:42.721] [INFO] cheese - [node getSource][接口:::/getSource][传入参数:::http://js.588ku.com/comp/base/images/lz.gif D:\lyp\job\sanbao\node_H5\download\source\img\ lz.gif][文件写入出错:::null]
[2017-12-09T18:44:42.726] [INFO] cheese - [node getSource][接口:::/getSource][传入参数:::http://js.588ku.com/comp/base/images/lz.gif D:\lyp\job\sanbao\node_H5\download\source\img\ lz.gif][文件写入出错:::null]
[2017-12-09T18:44:42.727] [INFO] cheese - [node getSource][接口:::/getSource][传入参数:::http://js.588ku.com/comp/base/images/lz.gif D:\lyp\job\sanbao\node_H5\download\source\img\ lz.gif][文件写入出错:::null]
[2017-12-09T18:44:42.729] [INFO] cheese - [node getSource][接口:::/getSource][传入参数:::http://js.588ku.com/comp/base/images/lz.gif D:\lyp\job\sanbao\node_H5\download\source\img\ lz.gif][文件写入出错:::null]
[2017-12-09T18:44:42.733] [INFO] cheese - [node getSource][接口:::/getSource][传入参数:::http://js.588ku.com/comp/index/js/indexV2.js?606 D:\lyp\job\sanbao\node_H5\download\source\js\ indexV2.js][文件写入出错:::null]
[2017-12-09T18:44:42.736] [INFO] cheese - [node getSource][接口:::/getSource][传入参数:::http://js.588ku.com/comp/base/images/lz.gif D:\lyp\job\sanbao\node_H5\download\source\img\ lz.gif][文件写入出错:::null]
[2017-12-09T18:44:42.744] [INFO] cheese - [node getSource][接口:::/getSource][传入参数:::http://js.588ku.com/comp/base/images/lz.gif D:\lyp\job\sanbao\node_H5\download\source\img\ lz.gif][文件写入出错:::null]
[2017-12-09T18:44:42.745] [INFO] cheese - [node getSource][接口:::/getSource][传入参数:::http://js.588ku.com/comp/base/images/lz.gif D:\lyp\job\sanbao\node_H5\download\source\img\ lz.gif][文件写入出错:::null]
[2017-12-09T18:44:42.752] [INFO] cheese - [node getSource][接口:::/getSource][传入参数:::http://js.588ku.com/comp/base/images/lz.gif D:\lyp\job\sanbao\node_H5\download\source\img\ lz.gif][文件写入出错:::null]
[2017-12-09T18:44:42.797] [INFO] cheese - [node getSource][接口:::/getSource][传入参数:::http://js.588ku.com/comp/redPacks/css/red-pack.css D:\lyp\job\sanbao\node_H5\download\source\css\ red-pack.css][文件写入出错:::null]
[2017-12-09T18:44:42.807] [INFO] cheese - [node getSource][接口:::/getSource][传入参数:::http://js.588ku.com/comp/index/css/indexV7.css?606 D:\lyp\job\sanbao\node_H5\download\source\css\ indexV7.css][文件写入出错:::null]
[2017-12-09T18:44:42.825] [INFO] cheese - [node getSource][接口:::/getSource][传入参数:::http://static.588ku.com/imgPath/public/images/wx-qrCodeV1.png D:\lyp\job\sanbao\node_H5\download\source\img\ wx-qrCodeV1.png][文件写入出错:::null]
[2017-12-09T18:44:42.911] [INFO] cheese - [node getSource][接口:::/getSource][传入参数:::http://bpic.588ku.com/element_banner/20/17/12/c8bd55680eefabd4bd91238078f073e7.jpg D:\lyp\job\sanbao\node_H5\download\source\img\ c8bd55680eefabd4bd91238078f073e7.jpg][文件写入出错:::null]
[2017-12-09T18:44:42.919] [INFO] cheese - [node getSource][接口:::/getSource][传入参数:::http://js.588ku.com/comp/base/js/jquery.min.js?606 D:\lyp\job\sanbao\node_H5\download\source\js\ jquery.min.js][文件写入出错:::null]
[2017-12-09T18:44:42.935] [INFO] cheese - [node getSource][接口:::/getSource][传入参数:::http://js.588ku.com/comp/public/css/baseV7.css?606 D:\lyp\job\sanbao\node_H5\download\source\css\ baseV7.css][文件写入出错:::null]
[2017-12-09T18:44:42.974] [INFO] cheese - [node getSource][接口:::/getSource][传入参数:::http://js.588ku.com/comp/public/js/public.js?606 D:\lyp\job\sanbao\node_H5\download\source\js\ public.js][文件写入出错:::null]
[2017-12-09T18:45:13.333] [INFO] cheese - [node getSource][getSource获取资源接口][接口:::/getSource][传入参数:::{"url":"http://588ku.com/?h=bd&sem=1"}][html文件写入成功]
[2017-12-09T18:45:13.446] [INFO] cheese - [node getSource][接口:::/getSource][传入参数:::img D:\lyp\job\sanbao\node_H5\download\source\img\][img文件下载成功]
[2017-12-09T18:45:13.613] [INFO] cheese - [node getSource][接口:::/getSource][传入参数:::css D:\lyp\job\sanbao\node_H5\download\source\css\][css文件下载成功]
[2017-12-09T18:45:13.813] [INFO] cheese - [node getSource][接口:::/getSource][传入参数:::js D:\lyp\job\sanbao\node_H5\download\source\js\][js文件下载成功]
[2017-12-09T18:45:13.985] [INFO] cheese - [node getSource][接口:::/getSource][传入参数:::http://js.588ku.com/comp/base/images/lz.gif D:\lyp\job\sanbao\node_H5\download\source\img\ lz.gif][文件写入出错:::null]
[2017-12-09T18:45:13.987] [INFO] cheese - [node getSource][接口:::/getSource][传入参数:::http://js.588ku.com/comp/base/images/lz.gif D:\lyp\job\sanbao\node_H5\download\source\img\ lz.gif][文件写入出错:::null]
[2017-12-09T18:45:13.989] [INFO] cheese - [node getSource][接口:::/getSource][传入参数:::http://js.588ku.com/comp/base/images/lz.gif D:\lyp\job\sanbao\node_H5\download\source\img\ lz.gif][文件写入出错:::null]
[2017-12-09T18:45:13.990] [INFO] cheese - [node getSource][接口:::/getSource][传入参数:::http://js.588ku.com/comp/base/images/lz.gif D:\lyp\job\sanbao\node_H5\download\source\img\ lz.gif][文件写入出错:::null]
[2017-12-09T18:45:13.990] [INFO] cheese - [node getSource][接口:::/getSource][传入参数:::http://js.588ku.com/comp/base/images/lz.gif D:\lyp\job\sanbao\node_H5\download\source\img\ lz.gif][文件写入出错:::null]
[2017-12-09T18:45:14.002] [INFO] cheese - [node getSource][接口:::/getSource][传入参数:::http://js.588ku.com/comp/base/images/lz.gif D:\lyp\job\sanbao\node_H5\download\source\img\ lz.gif][文件写入出错:::null]
[2017-12-09T18:45:14.003] [INFO] cheese - [node getSource][接口:::/getSource][传入参数:::http://js.588ku.com/comp/base/images/lz.gif D:\lyp\job\sanbao\node_H5\download\source\img\ lz.gif][文件写入出错:::null]
[2017-12-09T18:45:14.005] [INFO] cheese - [node getSource][接口:::/getSource][传入参数:::http://js.588ku.com/comp/base/images/lz.gif D:\lyp\job\sanbao\node_H5\download\source\img\ lz.gif][文件写入出错:::null]
[2017-12-09T18:45:14.010] [INFO] cheese - [node getSource][接口:::/getSource][传入参数:::http://js.588ku.com/comp/base/images/lz.gif D:\lyp\job\sanbao\node_H5\download\source\img\ lz.gif][文件写入出错:::null]
[2017-12-09T18:45:14.012] [INFO] cheese - [node getSource][接口:::/getSource][传入参数:::http://js.588ku.com/comp/base/images/lz.gif D:\lyp\job\sanbao\node_H5\download\source\img\ lz.gif][文件写入出错:::null]
[2017-12-09T18:45:14.013] [INFO] cheese - [node getSource][接口:::/getSource][传入参数:::http://js.588ku.com/comp/base/images/lz.gif D:\lyp\job\sanbao\node_H5\download\source\img\ lz.gif][文件写入出错:::null]
[2017-12-09T18:45:14.015] [INFO] cheese - [node getSource][接口:::/getSource][传入参数:::http://js.588ku.com/comp/base/images/lz.gif D:\lyp\job\sanbao\node_H5\download\source\img\ lz.gif][文件写入出错:::null]
[2017-12-09T18:45:14.027] [INFO] cheese - [node getSource][接口:::/getSource][传入参数:::http://js.588ku.com/comp/base/images/lz.gif D:\lyp\job\sanbao\node_H5\download\source\img\ lz.gif][文件写入出错:::null]
[2017-12-09T18:45:14.032] [INFO] cheese - [node getSource][接口:::/getSource][传入参数:::http://js.588ku.com/comp/base/images/lz.gif D:\lyp\job\sanbao\node_H5\download\source\img\ lz.gif][文件写入出错:::null]
[2017-12-09T18:45:14.032] [INFO] cheese - [node getSource][接口:::/getSource][传入参数:::http://js.588ku.com/comp/base/images/lz.gif D:\lyp\job\sanbao\node_H5\download\source\img\ lz.gif][文件写入出错:::null]
[2017-12-09T18:45:14.033] [INFO] cheese - [node getSource][接口:::/getSource][传入参数:::http://js.588ku.com/comp/base/images/lz.gif D:\lyp\job\sanbao\node_H5\download\source\img\ lz.gif][文件写入出错:::null]
[2017-12-09T18:45:14.033] [INFO] cheese - [node getSource][接口:::/getSource][传入参数:::http://js.588ku.com/comp/base/images/lz.gif D:\lyp\job\sanbao\node_H5\download\source\img\ lz.gif][文件写入出错:::null]
[2017-12-09T18:45:14.037] [INFO] cheese - [node getSource][接口:::/getSource][传入参数:::http://js.588ku.com/comp/base/images/lz.gif D:\lyp\job\sanbao\node_H5\download\source\img\ lz.gif][文件写入出错:::null]
[2017-12-09T18:45:14.042] [INFO] cheese - [node getSource][接口:::/getSource][传入参数:::http://js.588ku.com/comp/base/images/lz.gif D:\lyp\job\sanbao\node_H5\download\source\img\ lz.gif][文件写入出错:::null]
[2017-12-09T18:45:14.044] [INFO] cheese - [node getSource][接口:::/getSource][传入参数:::http://js.588ku.com/comp/index/js/indexV2.js?606 D:\lyp\job\sanbao\node_H5\download\source\js\ indexV2.js][文件写入出错:::null]
[2017-12-09T18:45:14.045] [INFO] cheese - [node getSource][接口:::/getSource][传入参数:::http://js.588ku.com/comp/base/images/lz.gif D:\lyp\job\sanbao\node_H5\download\source\img\ lz.gif][文件写入出错:::null]
[2017-12-09T18:45:14.047] [INFO] cheese - [node getSource][接口:::/getSource][传入参数:::http://js.588ku.com/comp/base/images/lz.gif D:\lyp\job\sanbao\node_H5\download\source\img\ lz.gif][文件写入出错:::null]
[2017-12-09T18:45:14.048] [INFO] cheese - [node getSource][接口:::/getSource][传入参数:::http://js.588ku.com/comp/base/images/lz.gif D:\lyp\job\sanbao\node_H5\download\source\img\ lz.gif][文件写入出错:::null]
[2017-12-09T18:45:14.049] [INFO] cheese - [node getSource][接口:::/getSource][传入参数:::http://js.588ku.com/comp/base/images/lz.gif D:\lyp\job\sanbao\node_H5\download\source\img\ lz.gif][文件写入出错:::null]
[2017-12-09T18:45:14.050] [INFO] cheese - [node getSource][接口:::/getSource][传入参数:::http://js.588ku.com/comp/base/images/lz.gif D:\lyp\job\sanbao\node_H5\download\source\img\ lz.gif][文件写入出错:::null]
[2017-12-09T18:45:14.054] [INFO] cheese - [node getSource][接口:::/getSource][传入参数:::http://js.588ku.com/comp/base/images/lz.gif D:\lyp\job\sanbao\node_H5\download\source\img\ lz.gif][文件写入出错:::null]
[2017-12-09T18:45:14.055] [INFO] cheese - [node getSource][接口:::/getSource][传入参数:::http://js.588ku.com/comp/base/images/lz.gif D:\lyp\job\sanbao\node_H5\download\source\img\ lz.gif][文件写入出错:::null]
[2017-12-09T18:45:14.056] [INFO] cheese - [node getSource][接口:::/getSource][传入参数:::http://js.588ku.com/comp/base/images/lz.gif D:\lyp\job\sanbao\node_H5\download\source\img\ lz.gif][文件写入出错:::null]
[2017-12-09T18:45:14.059] [INFO] cheese - [node getSource][接口:::/getSource][传入参数:::http://js.588ku.com/comp/base/images/lz.gif D:\lyp\job\sanbao\node_H5\download\source\img\ lz.gif][文件写入出错:::null]
[2017-12-09T18:45:14.059] [INFO] cheese - [node getSource][接口:::/getSource][传入参数:::http://js.588ku.com/comp/base/images/lz.gif D:\lyp\job\sanbao\node_H5\download\source\img\ lz.gif][文件写入出错:::null]
[2017-12-09T18:45:14.060] [INFO] cheese - [node getSource][接口:::/getSource][传入参数:::http://js.588ku.com/comp/base/images/lz.gif D:\lyp\job\sanbao\node_H5\download\source\img\ lz.gif][文件写入出错:::null]
[2017-12-09T18:45:14.061] [INFO] cheese - [node getSource][接口:::/getSource][传入参数:::http://js.588ku.com/comp/base/images/lz.gif D:\lyp\job\sanbao\node_H5\download\source\img\ lz.gif][文件写入出错:::null]
[2017-12-09T18:45:14.062] [INFO] cheese - [node getSource][接口:::/getSource][传入参数:::http://js.588ku.com/comp/base/images/lz.gif D:\lyp\job\sanbao\node_H5\download\source\img\ lz.gif][文件写入出错:::null]
[2017-12-09T18:45:14.062] [INFO] cheese - [node getSource][接口:::/getSource][传入参数:::http://js.588ku.com/comp/base/images/lz.gif D:\lyp\job\sanbao\node_H5\download\source\img\ lz.gif][文件写入出错:::null]
[2017-12-09T18:45:14.063] [INFO] cheese - [node getSource][接口:::/getSource][传入参数:::http://js.588ku.com/comp/base/images/lz.gif D:\lyp\job\sanbao\node_H5\download\source\img\ lz.gif][文件写入出错:::null]
[2017-12-09T18:45:14.064] [INFO] cheese - [node getSource][接口:::/getSource][传入参数:::http://js.588ku.com/comp/base/images/lz.gif D:\lyp\job\sanbao\node_H5\download\source\img\ lz.gif][文件写入出错:::null]
[2017-12-09T18:45:14.064] [INFO] cheese - [node getSource][接口:::/getSource][传入参数:::http://js.588ku.com/comp/base/images/lz.gif D:\lyp\job\sanbao\node_H5\download\source\img\ lz.gif][文件写入出错:::null]
[2017-12-09T18:45:14.065] [INFO] cheese - [node getSource][接口:::/getSource][传入参数:::http://js.588ku.com/comp/base/images/lz.gif D:\lyp\job\sanbao\node_H5\download\source\img\ lz.gif][文件写入出错:::null]
[2017-12-09T18:45:14.067] [INFO] cheese - [node getSource][接口:::/getSource][传入参数:::http://js.588ku.com/comp/base/images/lz.gif D:\lyp\job\sanbao\node_H5\download\source\img\ lz.gif][文件写入出错:::null]
[2017-12-09T18:45:14.069] [INFO] cheese - [node getSource][接口:::/getSource][传入参数:::http://js.588ku.com/comp/base/images/lz.gif D:\lyp\job\sanbao\node_H5\download\source\img\ lz.gif][文件写入出错:::null]
[2017-12-09T18:45:14.070] [INFO] cheese - [node getSource][接口:::/getSource][传入参数:::http://js.588ku.com/comp/base/images/lz.gif D:\lyp\job\sanbao\node_H5\download\source\img\ lz.gif][文件写入出错:::null]
[2017-12-09T18:45:14.074] [INFO] cheese - [node getSource][接口:::/getSource][传入参数:::http://js.588ku.com/comp/base/images/lz.gif D:\lyp\job\sanbao\node_H5\download\source\img\ lz.gif][文件写入出错:::null]
[2017-12-09T18:45:14.075] [INFO] cheese - [node getSource][接口:::/getSource][传入参数:::http://js.588ku.com/comp/base/images/lz.gif D:\lyp\job\sanbao\node_H5\download\source\img\ lz.gif][文件写入出错:::null]
[2017-12-09T18:45:14.077] [INFO] cheese - [node getSource][接口:::/getSource][传入参数:::http://js.588ku.com/comp/base/images/lz.gif D:\lyp\job\sanbao\node_H5\download\source\img\ lz.gif][文件写入出错:::null]
[2017-12-09T18:45:14.077] [INFO] cheese - [node getSource][接口:::/getSource][传入参数:::http://js.588ku.com/comp/base/images/lz.gif D:\lyp\job\sanbao\node_H5\download\source\img\ lz.gif][文件写入出错:::null]
[2017-12-09T18:45:14.082] [INFO] cheese - [node getSource][接口:::/getSource][传入参数:::http://js.588ku.com/comp/base/images/lz.gif D:\lyp\job\sanbao\node_H5\download\source\img\ lz.gif][文件写入出错:::null]
[2017-12-09T18:45:14.084] [INFO] cheese - [node getSource][接口:::/getSource][传入参数:::http://js.588ku.com/comp/base/images/lz.gif D:\lyp\job\sanbao\node_H5\download\source\img\ lz.gif][文件写入出错:::null]
[2017-12-09T18:45:14.087] [INFO] cheese - [node getSource][接口:::/getSource][传入参数:::http://js.588ku.com/comp/base/images/lz.gif D:\lyp\job\sanbao\node_H5\download\source\img\ lz.gif][文件写入出错:::null]
[2017-12-09T18:45:14.089] [INFO] cheese - [node getSource][接口:::/getSource][传入参数:::http://js.588ku.com/comp/base/images/lz.gif D:\lyp\job\sanbao\node_H5\download\source\img\ lz.gif][文件写入出错:::null]
[2017-12-09T18:45:14.095] [INFO] cheese - [node getSource][接口:::/getSource][传入参数:::http://js.588ku.com/comp/base/images/lz.gif D:\lyp\job\sanbao\node_H5\download\source\img\ lz.gif][文件写入出错:::null]
[2017-12-09T18:45:14.098] [INFO] cheese - [node getSource][接口:::/getSource][传入参数:::http://js.588ku.com/comp/base/images/lz.gif D:\lyp\job\sanbao\node_H5\download\source\img\ lz.gif][文件写入出错:::null]
[2017-12-09T18:45:14.107] [INFO] cheese - [node getSource][接口:::/getSource][传入参数:::http://static.588ku.com/imgPath/public/images/wx-qrCodeV1.png D:\lyp\job\sanbao\node_H5\download\source\img\ wx-qrCodeV1.png][文件写入出错:::null]
[2017-12-09T18:45:14.108] [INFO] cheese - [node getSource][接口:::/getSource][传入参数:::http://js.588ku.com/comp/index/css/indexV7.css?606 D:\lyp\job\sanbao\node_H5\download\source\css\ indexV7.css][文件写入出错:::null]
[2017-12-09T18:45:14.109] [INFO] cheese - [node getSource][接口:::/getSource][传入参数:::http://js.588ku.com/comp/base/images/lz.gif D:\lyp\job\sanbao\node_H5\download\source\img\ lz.gif][文件写入出错:::null]
[2017-12-09T18:45:14.120] [INFO] cheese - [node getSource][接口:::/getSource][传入参数:::http://js.588ku.com/comp/redPacks/css/red-pack.css D:\lyp\job\sanbao\node_H5\download\source\css\ red-pack.css][文件写入出错:::null]
[2017-12-09T18:45:14.132] [INFO] cheese - [node getSource][接口:::/getSource][传入参数:::http://js.588ku.com/comp/public/css/baseV7.css?606 D:\lyp\job\sanbao\node_H5\download\source\css\ baseV7.css][文件写入出错:::null]
[2017-12-09T18:45:14.133] [INFO] cheese - [node getSource][接口:::/getSource][传入参数:::http://bpic.588ku.com/element_banner/20/17/12/c8bd55680eefabd4bd91238078f073e7.jpg D:\lyp\job\sanbao\node_H5\download\source\img\ c8bd55680eefabd4bd91238078f073e7.jpg][文件写入出错:::null]
[2017-12-09T18:45:14.134] [INFO] cheese - [node getSource][接口:::/getSource][传入参数:::http://js.588ku.com/comp/base/js/jquery.min.js?606 D:\lyp\job\sanbao\node_H5\download\source\js\ jquery.min.js][文件写入出错:::null]
[2017-12-09T18:45:14.141] [INFO] cheese - [node getSource][接口:::/getSource][传入参数:::http://js.588ku.com/comp/public/js/public.js?606 D:\lyp\job\sanbao\node_H5\download\source\js\ public.js][文件写入出错:::null]
[2017-12-09T18:52:28.448] [INFO] cheese - [node getSource][getSource获取资源接口][接口:::/getSource][传入参数:::{"url":"http://588ku.com/?h=bd&sem=1"}][html文件写入成功]
[2017-12-09T18:52:28.530] [INFO] cheese - [node getSource][接口:::/getSource][传入参数:::img D:\lyp\job\sanbao\node_H5\download\source\img\][img文件下载成功]
[2017-12-09T18:52:28.569] [INFO] cheese - [node getSource][接口:::/getSource][传入参数:::css D:\lyp\job\sanbao\node_H5\download\source\css\][css文件下载成功]
[2017-12-09T18:52:28.595] [ERROR] cheese - [node getSource][接口:::/getSource][传入参数:::js D:\lyp\job\sanbao\node_H5\download\source\js\][js文件下载出错:::TypeError: res.setEncoding is not a function]
[2017-12-09T18:52:45.117] [INFO] cheese - [node getSource][getSource获取资源接口][接口:::/getSource][传入参数:::{"url":"http://588ku.com/?h=bd&sem=1"}][html文件写入成功]
[2017-12-09T18:52:45.241] [INFO] cheese - [node getSource][接口:::/getSource][传入参数:::img D:\lyp\job\sanbao\node_H5\download\source\img\][img文件下载成功]
[2017-12-09T18:52:45.389] [INFO] cheese - [node getSource][接口:::/getSource][传入参数:::css D:\lyp\job\sanbao\node_H5\download\source\css\][css文件下载成功]
[2017-12-09T18:52:45.486] [ERROR] cheese - [node getSource][接口:::/getSource][传入参数:::js D:\lyp\job\sanbao\node_H5\download\source\js\][js文件下载出错:::TypeError: res.setEncoding is not a function]
[2017-12-09T19:01:42.086] [INFO] cheese - [node getSource][getSource获取资源接口][接口:::/getSource][传入参数:::{"url":"http://588ku.com/?h=bd&sem=1"}][html文件写入成功]
[2017-12-09T19:01:42.172] [INFO] cheese - [node getSource][接口:::/getSource][传入参数:::img D:\lyp\job\sanbao\node_H5\download\source\img\][img文件下载成功]
[2017-12-09T19:01:42.334] [INFO] cheese - [node getSource][接口:::/getSource][传入参数:::css D:\lyp\job\sanbao\node_H5\download\source\css\][css文件下载成功]
[2017-12-09T19:01:42.505] [ERROR] cheese - [node getSource][接口:::/getSource][传入参数:::js D:\lyp\job\sanbao\node_H5\download\source\js\][js文件下载出错:::TypeError: res.setEncoding is not a function]
[2017-12-09T19:02:09.041] [INFO] cheese - [node getSource][getSource获取资源接口][接口:::/getSource][传入参数:::{"url":"http://588ku.com/?h=bd&sem=1"}][html文件写入成功]
[2017-12-09T19:02:09.342] [INFO] cheese - [node getSource][接口:::/getSource][传入参数:::img D:\lyp\job\sanbao\node_H5\download\source\img\][img文件下载成功]
[2017-12-09T19:02:09.487] [INFO] cheese - [node getSource][接口:::/getSource][传入参数:::css D:\lyp\job\sanbao\node_H5\download\source\css\][css文件下载成功]
[2017-12-09T19:02:09.551] [ERROR] cheese - [node getSource][接口:::/getSource][传入参数:::js D:\lyp\job\sanbao\node_H5\download\source\js\][js文件下载出错:::ReferenceError: opt is not defined]
