[2017-12-11T10:26:52.961] [INFO] cheese - [node getSource][getSource获取资源接口][接口:::/getSource][传入参数:::{"url":"https://www.amazon.cn/?_encoding=UTF8&camp=536&creative=3200&linkCode=ur2&tag=cheetah-23"}][html文件写入成功]
[2017-12-11T10:26:53.244] [ERROR] cheese - [node getSource][接口:::/getSource][传入参数:::img D:\lyp\job\sanbao\node_H5\download\source\img\][img文件下载出错:::ReferenceError: opt is not defined]
[2017-12-11T10:26:54.313] [INFO] cheese - [node getSource][接口:::/getSource][传入参数:::css D:\lyp\job\sanbao\node_H5\download\source\css\][css文件下载成功]
[2017-12-11T10:26:54.905] [INFO] cheese - [node getSource][接口:::/getSource][传入参数:::js D:\lyp\job\sanbao\node_H5\download\source\js\][js文件下载成功]
[2017-12-11T10:31:44.930] [INFO] cheese - [node getSource][getSource获取资源接口][接口:::/getSource][传入参数:::{"url":"http://www.longsung.com/"}][html文件写入成功]
[2017-12-11T10:31:44.936] [INFO] cheese - [node getSource][接口:::/getSource][传入参数:::img D:\lyp\job\sanbao\node_H5\download\source\img\][img文件下载成功]
[2017-12-11T10:31:44.939] [INFO] cheese - [node getSource][接口:::/getSource][传入参数:::css D:\lyp\job\sanbao\node_H5\download\source\css\][css文件下载成功]
[2017-12-11T10:31:44.942] [INFO] cheese - [node getSource][接口:::/getSource][传入参数:::js D:\lyp\job\sanbao\node_H5\download\source\js\][js文件下载成功]
[2017-12-11T10:56:03.954] [INFO] cheese - [node getSource][getSource获取资源接口][接口:::/getSource][传入参数:::{"url":"http://www.longsung.com/"}][html文件写入成功]
[2017-12-11T10:56:03.991] [ERROR] cheese - [node getSource][接口:::/getSource][传入参数:::img D:\lyp\job\sanbao\node_H5\download\source\img\][img文件下载出错:::ReferenceError: opt is not defined]
[2017-12-11T10:56:04.006] [ERROR] cheese - [node getSource][接口:::/getSource][传入参数:::css D:\lyp\job\sanbao\node_H5\download\source\css\][css文件下载出错:::ReferenceError: opt is not defined]
[2017-12-11T10:56:04.016] [ERROR] cheese - [node getSource][接口:::/getSource][传入参数:::js D:\lyp\job\sanbao\node_H5\download\source\js\][js文件下载出错:::ReferenceError: opt is not defined]
[2017-12-11T11:04:05.611] [INFO] cheese - [node getSource][getSource获取资源接口][接口:::/getSource][传入参数:::{"url":"http://www.longsung.com/"}][html文件写入成功]
[2017-12-11T11:04:05.645] [ERROR] cheese - [node getSource][接口:::/getSource][传入参数:::img D:\lyp\job\sanbao\node_H5\download\source\img\][img文件下载出错:::ReferenceError: opt is not defined]
[2017-12-11T11:04:05.659] [ERROR] cheese - [node getSource][接口:::/getSource][传入参数:::css D:\lyp\job\sanbao\node_H5\download\source\css\][css文件下载出错:::ReferenceError: opt is not defined]
[2017-12-11T11:04:05.667] [ERROR] cheese - [node getSource][接口:::/getSource][传入参数:::js D:\lyp\job\sanbao\node_H5\download\source\js\][js文件下载出错:::ReferenceError: opt is not defined]
[2017-12-11T11:55:10.214] [INFO] cheese - [node getSource][getSource获取资源接口][接口:::/getSource][传入参数:::{"url":"http://www.longsung.com/"}][html文件写入成功]
[2017-12-11T11:55:45.034] [INFO] cheese - [node getSource][getSource获取资源接口][接口:::/getSource][传入参数:::{"url":"http://www.longsung.com/"}][html文件写入成功]
[2017-12-11T11:58:30.573] [INFO] cheese - [node getSource][getSource获取资源接口][接口:::/getSource][传入参数:::{"url":"http://www.longsung.com/"}][html文件写入成功]
[2017-12-11T11:59:08.105] [INFO] cheese - [node getSource][getSource获取资源接口][接口:::/getSource][传入参数:::{"url":"http://www.longsung.com/"}][html文件写入成功]
[2017-12-11T12:25:04.074] [INFO] cheese - [node getSource][getSource获取资源接口][接口:::/getSource][传入参数:::{"url":"http://www.longsung.com/"}][html文件写入成功]
[2017-12-11T12:32:32.840] [INFO] cheese - [node getSource][getSource获取资源接口][接口:::/getSource][传入参数:::{"url":"http://www.longsung.com/"}][html文件写入成功]
[2017-12-11T12:33:40.957] [INFO] cheese - [node getSource][getSource获取资源接口][接口:::/getSource][传入参数:::{"url":"http://www.longsung.com/"}][html文件写入成功]
[2017-12-11T12:36:56.632] [INFO] cheese - [node getSource][getSource获取资源接口][接口:::/getSource][传入参数:::{"url":"http://www.longsung.com/"}][html文件写入成功]
[2017-12-11T12:37:13.576] [INFO] cheese - [node getSource][getSource获取资源接口][接口:::/getSource][传入参数:::{"url":"http://www.longsung.com/"}][html文件写入成功]
[2017-12-11T13:43:32.469] [INFO] cheese - [node getSource][getSource获取资源接口][接口:::/getSource][传入参数:::{"url":"http://www.longsung.com/"}][html文件写入成功]
[2017-12-11T15:18:20.290] [INFO] cheese - [node getSource][getSource获取资源接口][接口:::/getSource][传入参数:::{"url":"http://www.longsung.com/"}][html文件写入成功]
[2017-12-11T15:19:15.551] [INFO] cheese - [node getSource][getSource获取资源接口][接口:::/getSource][传入参数:::{"url":"http://www.longsung.com/"}][html文件写入成功]
[2017-12-11T15:20:49.913] [INFO] cheese - [node getSource][getSource获取资源接口][接口:::/getSource][传入参数:::{"url":"http://www.longsung.com/"}][html文件写入成功]
[2017-12-11T15:39:20.155] [INFO] cheese - [node getSource][getSource获取资源接口][接口:::/getSource][传入参数:::{"url":"http://www.longsung.com/"}][html文件写入成功]
[2017-12-11T15:59:08.732] [INFO] cheese - [node getSource][getSource获取资源接口][接口:::/getSource][传入参数:::{"url":"http://www.longsung.com/"}][html文件写入成功]
[2017-12-11T16:00:38.438] [INFO] cheese - [node getSource][getSource获取资源接口][接口:::/getSource][传入参数:::{"url":"http://www.longsung.com/"}][html文件写入成功]
[2017-12-11T16:03:39.205] [INFO] cheese - [node getSource][getSource获取资源接口][接口:::/getSource][传入参数:::{"url":"http://www.longsung.com/"}][html文件写入成功]
[2017-12-11T16:03:49.440] [INFO] cheese - [node getSource][getSource获取资源接口][接口:::/getSource][传入参数:::{"url":"http://www.longsung.com/"}][html文件写入成功]
[2017-12-11T16:22:34.269] [INFO] cheese - [node getSource][getSource获取资源接口][接口:::/getSource][传入参数:::{"url":"http://www.longsung.com/"}][html文件写入成功]
[2017-12-11T16:23:12.530] [INFO] cheese - [node getSource][getSource获取资源接口][接口:::/getSource][传入参数:::{"url":"http://www.jb51.net/article/114060.htm"}][html文件写入成功]
[2017-12-11T16:24:26.752] [INFO] cheese - [node getSource][getSource获取资源接口][接口:::/getSource][传入参数:::{"url":"http://www.jb51.net/article/114060.htm"}][html文件写入成功]
[2017-12-11T16:28:04.278] [INFO] cheese - [node getSource][getSource获取资源接口][接口:::/getSource][传入参数:::{"url":"http://www.jb51.net/article/114060.htm"}][html文件写入成功]
[2017-12-11T16:32:41.541] [ERROR] cheese - [node getSource][getSource获取资源接口][接口:::/getSource][传入参数:::{"url":"https://www.cnblogs.com/valu/p/6407999.html"}][error:Error: Invalid URI "//common.cnblogs.com/script/jquery.js"]
[2017-12-11T16:32:41.557] [INFO] cheese - [node getSource][getSource获取资源接口][接口:::/getSource][传入参数:::{"url":"https://www.cnblogs.com/valu/p/6407999.html"}][html文件写入成功]
[2017-12-11T16:32:57.440] [ERROR] cheese - [node getSource][getSource获取资源接口][接口:::/getSource][传入参数:::{"url":"https://www.cnblogs.com/valu/p/6407999.html"}][error:Error: Invalid URI "//common.cnblogs.com/script/jquery.js"]
[2017-12-11T16:32:57.448] [INFO] cheese - [node getSource][getSource获取资源接口][接口:::/getSource][传入参数:::{"url":"https://www.cnblogs.com/valu/p/6407999.html"}][html文件写入成功]
[2017-12-11T16:36:20.462] [ERROR] cheese - [node getSource][getSource获取资源接口][接口:::/getSource][传入参数:::{"url":"https://www.cnblogs.com/valu/p/6407999.html"}][error:Error: Invalid URI "//common.cnblogs.com/script/jquery.js"]
[2017-12-11T16:36:20.483] [INFO] cheese - [node getSource][getSource获取资源接口][接口:::/getSource][传入参数:::{"url":"https://www.cnblogs.com/valu/p/6407999.html"}][html文件写入成功]
[2017-12-11T16:40:00.305] [ERROR] cheese - [node getSource][getSource获取资源接口][接口:::/getSource][传入参数:::{"url":"https://www.cnblogs.com/valu/p/6407999.html"}][error:Error: Invalid URI "//common.cnblogs.com/script/jquery.js"]
[2017-12-11T16:46:43.904] [ERROR] cheese - [node getSource][getSource获取资源接口][接口:::/getSource][传入参数:::{"url":"https://www.cnblogs.com/valu/p/6407999.html"}][error:Error: Invalid URI "//common.cnblogs.com/script/jquery.js"]
[2017-12-11T16:48:06.156] [ERROR] cheese - [node getSource][getSource获取资源接口][接口:::/getSource][传入参数:::{"url":"https://www.cnblogs.com/valu/p/6407999.html"}][error:Error: Invalid URI "//common.cnblogs.com/script/jquery.js"]
[2017-12-11T16:52:18.027] [ERROR] cheese - [node getSource][getSource获取资源接口][接口:::/getSource][传入参数:::{"url":"https://www.cnblogs.com/valu/p/6407999.html"}][error:Error: Invalid URI "//common.cnblogs.com/script/jquery.js"]
[2017-12-11T16:53:20.950] [ERROR] cheese - [node getSource][getSource获取资源接口][接口:::/getSource][传入参数:::{"url":"https://www.cnblogs.com/valu/p/6407999.html"}][error:Error: Invalid URI "//common.cnblogs.com/script/jquery.js"]
[2017-12-11T16:56:56.577] [ERROR] cheese - [node getSource][getSource获取资源接口][接口:::/getSource][传入参数:::{"url":"https://www.cnblogs.com/valu/p/6407999.html"}][error:Error: Invalid URI "//common.cnblogs.com/script/jquery.js"]
[2017-12-11T16:58:00.965] [ERROR] cheese - [node getSource][getSource获取资源接口][接口:::/getSource][传入参数:::{"url":"https://www.cnblogs.com/valu/p/6407999.html"}][error:Error: Invalid URI "//common.cnblogs.com/script/jquery.js"]
[2017-12-11T17:01:54.779] [ERROR] cheese - [node getSource][getSource获取资源接口][接口:::/getSource][传入参数:::{"url":"https://www.cnblogs.com/valu/p/6407999.html"}][error:Error: Invalid URI "//common.cnblogs.com/script/jquery.js"]
[2017-12-11T17:03:33.039] [ERROR] cheese - [node getSource][getSource获取资源接口][接口:::/getSource][传入参数:::{"url":"https://www.cnblogs.com/valu/p/6407999.html"}][error:Error: Invalid URI "//common.cnblogs.com/script/jquery.js"]
[2017-12-11T17:03:33.064] [INFO] cheese - [node getSource][getSource获取资源接口][接口:::/getSource][传入参数:::{"url":"https://www.cnblogs.com/valu/p/6407999.html"}][html文件写入成功]
[2017-12-11T17:04:00.760] [ERROR] cheese - [node getSource][getSource获取资源接口][接口:::/getSource][传入参数:::{"url":"http://cnodejs.org/topic/54bdaac4514ea9146862abee"}][error:Error: Invalid URI "//o4j806krb.qnssl.com/public/index.min.aeb155e1.min.js"]
[2017-12-11T17:16:11.386] [ERROR] cheese - [node getSource][getSource获取资源接口][接口:::/getSource][传入参数:::{"url":"http://cnodejs.org/topic/54bdaac4514ea9146862abee"}][error:Error: Invalid URI "//o4j806krb.qnssl.com/public/index.min.aeb155e1.min.js"]
[2017-12-11T17:16:11.404] [INFO] cheese - [node getSource][getSource获取资源接口][接口:::/getSource][传入参数:::{"url":"http://cnodejs.org/topic/54bdaac4514ea9146862abee"}][html文件写入成功]
[2017-12-11T17:19:54.459] [INFO] cheese - [node getSource][getSource获取资源接口][接口:::/getSource][传入参数:::{"url":"http://blog.csdn.net/wangxiaohu__/article/details/7254598/"}][html文件写入成功]
[2017-12-11T17:46:07.609] [INFO] cheese - [node getSource][getSource获取资源接口][接口:::/getSource][传入参数:::{"url":"http://xlyqq.xilexuan.com/"}][图片保存成功]
[2017-12-11T17:46:07.632] [INFO] cheese - [node getSource][getSource获取资源接口][接口:::/getSource][传入参数:::{"url":"http://xlyqq.xilexuan.com/"}][html文件写入成功]
[2017-12-11T17:46:07.708] [INFO] cheese - [node getSource][getSource获取资源接口][接口:::/getSource][传入参数:::{"url":"http://xlyqq.xilexuan.com/"}][js文件保存成功]
[2017-12-11T17:46:07.708] [INFO] cheese - [node getSource][getSource获取资源接口][接口:::/getSource][传入参数:::{"url":"http://xlyqq.xilexuan.com/"}][js文件保存成功]
[2017-12-11T17:46:07.714] [INFO] cheese - [node getSource][getSource获取资源接口][接口:::/getSource][传入参数:::{"url":"http://xlyqq.xilexuan.com/"}][js文件保存成功]
[2017-12-11T17:46:07.715] [INFO] cheese - [node getSource][getSource获取资源接口][接口:::/getSource][传入参数:::{"url":"http://xlyqq.xilexuan.com/"}][js文件保存成功]
[2017-12-11T17:46:07.717] [INFO] cheese - [node getSource][getSource获取资源接口][接口:::/getSource][传入参数:::{"url":"http://xlyqq.xilexuan.com/"}][js文件保存成功]
[2017-12-11T17:46:07.724] [INFO] cheese - [node getSource][getSource获取资源接口][接口:::/getSource][传入参数:::{"url":"http://xlyqq.xilexuan.com/"}][js文件保存成功]
[2017-12-11T17:46:07.726] [INFO] cheese - [node getSource][getSource获取资源接口][接口:::/getSource][传入参数:::{"url":"http://xlyqq.xilexuan.com/"}][js文件保存成功]
[2017-12-11T17:46:07.727] [INFO] cheese - [node getSource][getSource获取资源接口][接口:::/getSource][传入参数:::{"url":"http://xlyqq.xilexuan.com/"}][js文件保存成功]
[2017-12-11T17:46:07.740] [INFO] cheese - [node getSource][getSource获取资源接口][接口:::/getSource][传入参数:::{"url":"http://xlyqq.xilexuan.com/"}][js文件保存成功]
[2017-12-11T17:46:07.743] [INFO] cheese - [node getSource][getSource获取资源接口][接口:::/getSource][传入参数:::{"url":"http://xlyqq.xilexuan.com/"}][css文件保存成功]
[2017-12-11T17:46:07.744] [INFO] cheese - [node getSource][getSource获取资源接口][接口:::/getSource][传入参数:::{"url":"http://xlyqq.xilexuan.com/"}][js文件保存成功]
[2017-12-11T17:46:07.752] [INFO] cheese - [node getSource][getSource获取资源接口][接口:::/getSource][传入参数:::{"url":"http://xlyqq.xilexuan.com/"}][js文件保存成功]
[2017-12-11T17:46:07.761] [INFO] cheese - [node getSource][getSource获取资源接口][接口:::/getSource][传入参数:::{"url":"http://xlyqq.xilexuan.com/"}][js文件保存成功]
[2017-12-11T17:46:07.763] [INFO] cheese - [node getSource][getSource获取资源接口][接口:::/getSource][传入参数:::{"url":"http://xlyqq.xilexuan.com/"}][js文件保存成功]
[2017-12-11T17:46:07.839] [INFO] cheese - [node getSource][getSource获取资源接口][接口:::/getSource][传入参数:::{"url":"http://xlyqq.xilexuan.com/"}][js文件保存成功]
[2017-12-11T17:46:07.937] [INFO] cheese - [node getSource][getSource获取资源接口][接口:::/getSource][传入参数:::{"url":"http://xlyqq.xilexuan.com/"}][css文件保存成功]
[2017-12-11T17:46:08.036] [INFO] cheese - [node getSource][getSource获取资源接口][接口:::/getSource][传入参数:::{"url":"http://xlyqq.xilexuan.com/"}][js文件保存成功]
[2017-12-11T18:10:43.846] [ERROR] cheese - [node getSource][getSource获取资源接口][接口:::/getSource][传入参数:::{"url":"http://cnodejs.org/topic/50b9f349637ffa415549ee88"}][error:Error: Invalid URI "//o4j806krb.qnssl.com/public/index.min.aeb155e1.min.js"]
[2017-12-11T18:14:23.272] [ERROR] cheese - [node getSource][getSource获取资源接口][接口:::/getSource][传入参数:::{"url":"http://cnodejs.org/topic/50b9f349637ffa415549ee88"}][error:Error: Invalid URI "//o4j806krb.qnssl.com/public/index.min.aeb155e1.min.js"]
[2017-12-11T18:16:05.521] [ERROR] cheese - [node getSource][getSource获取资源接口][接口:::/getSource][传入参数:::{"url":"http://cnodejs.org/topic/50b9f349637ffa415549ee88"}][error:Error: Invalid URI "//o4j806krb.qnssl.com/public/index.min.aeb155e1.min.js"]
[2017-12-11T18:17:11.561] [ERROR] cheese - [node getSource][getSource获取资源接口][接口:::/getSource][传入参数:::{"url":"http://cnodejs.org/topic/50b9f349637ffa415549ee88"}][error:Error: Invalid URI "//o4j806krb.qnssl.com/public/index.min.aeb155e1.min.js"]
[2017-12-11T18:17:11.567] [INFO] cheese - [node getSource][getSource获取资源接口][接口:::/getSource][传入参数:::{"url":"http://cnodejs.org/topic/50b9f349637ffa415549ee88"}][图片保存成功]
[2017-12-11T18:17:11.574] [INFO] cheese - [node getSource][getSource获取资源接口][接口:::/getSource][传入参数:::{"url":"http://cnodejs.org/topic/50b9f349637ffa415549ee88"}][html文件写入成功]
[2017-12-11T18:17:11.574] [INFO] cheese - [node getSource][getSource获取资源接口][接口:::/getSource][传入参数:::{"url":"http://cnodejs.org/topic/50b9f349637ffa415549ee88"}][js文件保存成功]
[2017-12-11T18:19:29.438] [ERROR] cheese - [node getSource][getSource获取资源接口][接口:::/getSource][传入参数:::{"url":"http://cnodejs.org/topic/50b9f349637ffa415549ee88"}][error:Error: Invalid URI "//o4j806krb.qnssl.com/public/index.min.aeb155e1.min.js"]
[2017-12-11T18:28:34.446] [ERROR] cheese - [node getSource][getSource获取资源接口][接口:::/getSource][传入参数:::{"url":"https://www.cnblogs.com/valu/p/6407999.html"}][error:Error: Invalid URI "//common.cnblogs.com/script/jquery.js"]
[2017-12-11T18:28:34.451] [INFO] cheese - [node getSource][getSource获取资源接口][接口:::/getSource][传入参数:::{"url":"https://www.cnblogs.com/valu/p/6407999.html"}][图片保存成功]
[2017-12-11T18:28:34.463] [INFO] cheese - [node getSource][getSource获取资源接口][接口:::/getSource][传入参数:::{"url":"https://www.cnblogs.com/valu/p/6407999.html"}][html文件写入成功]
[2017-12-11T18:28:34.463] [INFO] cheese - [node getSource][getSource获取资源接口][接口:::/getSource][传入参数:::{"url":"https://www.cnblogs.com/valu/p/6407999.html"}][js文件保存成功]
[2017-12-11T18:28:34.573] [INFO] cheese - [node getSource][getSource获取资源接口][接口:::/getSource][传入参数:::{"url":"https://www.cnblogs.com/valu/p/6407999.html"}][css文件保存成功]
[2017-12-11T18:28:34.642] [INFO] cheese - [node getSource][getSource获取资源接口][接口:::/getSource][传入参数:::{"url":"https://www.cnblogs.com/valu/p/6407999.html"}][css文件保存成功]
[2017-12-11T18:28:34.669] [INFO] cheese - [node getSource][getSource获取资源接口][接口:::/getSource][传入参数:::{"url":"https://www.cnblogs.com/valu/p/6407999.html"}][css文件保存成功]
[2017-12-11T18:28:34.760] [INFO] cheese - [node getSource][getSource获取资源接口][接口:::/getSource][传入参数:::{"url":"https://www.cnblogs.com/valu/p/6407999.html"}][js文件保存成功]
[2017-12-11T19:03:49.886] [ERROR] cheese - [node getSource][getSource获取资源接口][接口:::/getSource][传入参数:::{"url":"https://www.cnblogs.com/valu/p/6407999.html"}][error:Error: Invalid URI "//common.cnblogs.com/script/jquery.js"]
[2017-12-11T19:03:49.892] [INFO] cheese - [node getSource][getSource获取资源接口][接口:::/getSource][传入参数:::{"url":"https://www.cnblogs.com/valu/p/6407999.html"}][图片保存成功]
[2017-12-11T19:03:49.910] [INFO] cheese - [node getSource][getSource获取资源接口][接口:::/getSource][传入参数:::{"url":"https://www.cnblogs.com/valu/p/6407999.html"}][html文件写入成功]
[2017-12-11T19:03:49.911] [INFO] cheese - [node getSource][getSource获取资源接口][接口:::/getSource][传入参数:::{"url":"https://www.cnblogs.com/valu/p/6407999.html"}][js文件保存成功]
[2017-12-11T19:03:50.014] [INFO] cheese - [node getSource][getSource获取资源接口][接口:::/getSource][传入参数:::{"url":"https://www.cnblogs.com/valu/p/6407999.html"}][css文件保存成功]
[2017-12-11T19:03:50.046] [INFO] cheese - [node getSource][getSource获取资源接口][接口:::/getSource][传入参数:::{"url":"https://www.cnblogs.com/valu/p/6407999.html"}][css文件保存成功]
[2017-12-11T19:03:50.054] [INFO] cheese - [node getSource][getSource获取资源接口][接口:::/getSource][传入参数:::{"url":"https://www.cnblogs.com/valu/p/6407999.html"}][css文件保存成功]
[2017-12-11T19:03:50.145] [INFO] cheese - [node getSource][getSource获取资源接口][接口:::/getSource][传入参数:::{"url":"https://www.cnblogs.com/valu/p/6407999.html"}][js文件保存成功]
[2017-12-11T19:04:57.892] [ERROR] cheese - [node getSource][getSource获取资源接口][接口:::/getSource][传入参数:::{"url":"https://www.cnblogs.com/valu/p/6407999.html"}][error:Error: Invalid URI "//common.cnblogs.com/script/jquery.js"]
[2017-12-11T19:04:57.893] [INFO] cheese - [node getSource][getSource获取资源接口][接口:::/getSource][传入参数:::{"url":"https://www.cnblogs.com/valu/p/6407999.html"}][图片保存成功]
[2017-12-11T19:04:57.902] [INFO] cheese - [node getSource][getSource获取资源接口][接口:::/getSource][传入参数:::{"url":"https://www.cnblogs.com/valu/p/6407999.html"}][html文件写入成功]
[2017-12-11T19:04:57.902] [INFO] cheese - [node getSource][getSource获取资源接口][接口:::/getSource][传入参数:::{"url":"https://www.cnblogs.com/valu/p/6407999.html"}][js文件保存成功]
[2017-12-11T19:04:58.012] [INFO] cheese - [node getSource][getSource获取资源接口][接口:::/getSource][传入参数:::{"url":"https://www.cnblogs.com/valu/p/6407999.html"}][css文件保存成功]
[2017-12-11T19:04:58.042] [INFO] cheese - [node getSource][getSource获取资源接口][接口:::/getSource][传入参数:::{"url":"https://www.cnblogs.com/valu/p/6407999.html"}][css文件保存成功]
[2017-12-11T19:04:58.110] [INFO] cheese - [node getSource][getSource获取资源接口][接口:::/getSource][传入参数:::{"url":"https://www.cnblogs.com/valu/p/6407999.html"}][css文件保存成功]
[2017-12-11T19:04:58.133] [INFO] cheese - [node getSource][getSource获取资源接口][接口:::/getSource][传入参数:::{"url":"https://www.cnblogs.com/valu/p/6407999.html"}][js文件保存成功]
[2017-12-11T19:05:13.620] [ERROR] cheese - [node getSource][getSource获取资源接口][接口:::/getSource][传入参数:::{"url":"http://cnodejs.org/topic/50b9f349637ffa415549ee88"}][error:Error: Invalid URI "//o4j806krb.qnssl.com/public/index.min.aeb155e1.min.js"]
